<?xml version="1.0" encoding="UTF-8"?><testsuite errors="1" failures="0" name="org.example.features.search.CollectResources" skipped="0" tests="1" time="116.63" timestamp="2021-06-09 12:28:31"><testcase classname="org.example.features.search.CollectResources" name="Collect"><error message="no such window: target window already closed&#10;from unknown error: web view not found&#10;  (Session info: chrome=91.0.4472.77)&#10;Build info: version: '3.141.59', revision: 'e82be7d358', time: '2018-11-14T08:17:03'&#10;System info: host: 'DESKTOP-SMPROMG', ip: '172.24.16.1', os.name: 'Windows 10', os.arch: 'amd64', os.version: '10.0', java.version: '15.0.2'&#10;Driver info: org.openqa.selenium.chrome.ChromeDriver&#10;Capabilities {acceptInsecureCerts: false, browserName: chrome, browserVersion: 91.0.4472.77, chrome: {chromedriverVersion: 91.0.4472.19 (1bf021f248676..., userDataDir: C:\Users\crist\AppData\Loca...}, goog:chromeOptions: {debuggerAddress: localhost:1781}, javascriptEnabled: true, networkConnectionEnabled: false, pageLoadStrategy: normal, platform: WINDOWS, platformName: WINDOWS, proxy: Proxy(), setWindowRect: true, strictFileInteractability: false, timeouts: {implicit: 0, pageLoad: 300000, script: 30000}, unhandledPromptBehavior: dismiss and notify, webauthn:extension:largeBlob: true, webauthn:virtualAuthenticators: true}&#10;Session ID: 6fd9feda240e66b6b9515fa5f8c2db88&#10;*** Element info: {Using=xpath, value=//*[@id=&quot;ui_box&quot;]/div[14]/div[3]/div}" type="org.openqa.selenium.NoSuchWindowException">no such window: target window already closed
from unknown error: web view not found
  (Session info: chrome=91.0.4472.77)
Build info: version: '3.141.59', revision: 'e82be7d358', time: '2018-11-14T08:17:03'
System info: host: 'DESKTOP-SMPROMG', ip: '172.24.16.1', os.name: 'Windows 10', os.arch: 'amd64', os.version: '10.0', java.version: '15.0.2'
Driver info: org.openqa.selenium.chrome.ChromeDriver
Capabilities {acceptInsecureCerts: false, browserName: chrome, browserVersion: 91.0.4472.77, chrome: {chromedriverVersion: 91.0.4472.19 (1bf021f248676..., userDataDir: C:\Users\crist\AppData\Loca...}, goog:chromeOptions: {debuggerAddress: localhost:1781}, javascriptEnabled: true, networkConnectionEnabled: false, pageLoadStrategy: normal, platform: WINDOWS, platformName: WINDOWS, proxy: Proxy(), setWindowRect: true, strictFileInteractability: false, timeouts: {implicit: 0, pageLoad: 300000, script: 30000}, unhandledPromptBehavior: dismiss and notify, webauthn:extension:largeBlob: true, webauthn:virtualAuthenticators: true}
Session ID: 6fd9feda240e66b6b9515fa5f8c2db88
*** Element info: {Using=xpath, value=//*[@id="ui_box"]/div[14]/div[3]/div}</error><system-err>no such window: target window already closed
from unknown error: web view not found
  (Session info: chrome=91.0.4472.77)
Build info: version: '3.141.59', revision: 'e82be7d358', time: '2018-11-14T08:17:03'
System info: host: 'DESKTOP-SMPROMG', ip: '172.24.16.1', os.name: 'Windows 10', os.arch: 'amd64', os.version: '10.0', java.version: '15.0.2'
Driver info: org.openqa.selenium.chrome.ChromeDriver
Capabilities {acceptInsecureCerts: false, browserName: chrome, browserVersion: 91.0.4472.77, chrome: {chromedriverVersion: 91.0.4472.19 (1bf021f248676..., userDataDir: C:\Users\crist\AppData\Loca...}, goog:chromeOptions: {debuggerAddress: localhost:1781}, javascriptEnabled: true, networkConnectionEnabled: false, pageLoadStrategy: normal, platform: WINDOWS, platformName: WINDOWS, proxy: Proxy(), setWindowRect: true, strictFileInteractability: false, timeouts: {implicit: 0, pageLoad: 300000, script: 30000}, unhandledPromptBehavior: dismiss and notify, webauthn:extension:largeBlob: true, webauthn:virtualAuthenticators: true}
Session ID: 6fd9feda240e66b6b9515fa5f8c2db88
*** Element info: {Using=xpath, value=//*[@id="ui_box"]/div[14]/div[3]/div}&#13;
org.example.pages.GrepolisPage.hover(GrepolisPage.java:43)&#13;
org.example.steps.serenity.EndUserSteps.hover(EndUserSteps.java:34)&#13;
org.example.features.search.CollectResources.collect_once(CollectResources.java:42)&#13;
org.example.features.search.CollectResources.collect(CollectResources.java:31)&#13;
</system-err></testcase></testsuite>